<?xml version="1.0" encoding="UTF-8"?>
<testsuite name="Login to Swag app and add products to cart" tests="1" skipped="0" failures="0" errors="0" timestamp="2023-04-05T00:49:48" hostname="DESKTOP-BTHGFUF" time="81.723">
  <properties/>
  <testcase name="Purchase a product" classname="Login to Swag app and add products to cart" time="81.723"/>
  <system-out><![CDATA[2023-04-04 19:50:21 INFO  LoginStepsDefinitions:34 INICIA LA AUTOMATIZACION
2023-04-04 19:51:05 INFO  LoginStepsDefinitions:51 Realiza la peticion
2023-04-04 19:51:08 INFO  LoginStepsDefinitions:65 CUMPLE
]]></system-out>
  <system-err><![CDATA[[Test worker] INFO io.cucumber.core.plugin.SerenityReporter - Running feature from file:///C:/Users/jeiso/OneDrive/Escritorio/softka/semana%20Automatizacion/AppiumScreenplayBrowserStackiOS/src/test/resources/features/purchaseproduct.feature
[Test worker] INFO  - 
  _____   ___   ___   _____     ___   _____     _     ___   _____   ___   ___  
 |_   _| | __| / __| |_   _|   / __| |_   _|   /_\   | _ \ |_   _| | __| |   \ 
   | |   | _|  \__ \   | |     \__ \   | |    / _ \  |   /   | |   | _|  | |) |
   |_|   |___| |___/   |_|     |___/   |_|   /_/ \_\ |_|_\   |_|   |___| |___/ 

Purchase a product(login-to-swag-app-and-add-products-to-cart;purchase-a-product)
--------------------------------------------------------------------------------
[Test worker] INFO net.thucydides.core.model.TestOutcome - SetUserStory Login to Swag app and add products to cart
[Test worker] INFO net.thucydides.core.model.TestOutcome - SetUserStory Login to Swag app and add products to cart
abr 04, 2023 7:50:03 PM io.appium.java_client.remote.AppiumCommandExecutor$1 lambda$0
INFORMACIÓN: Detected dialect: OSS
[Test worker] INFO  - 
  _____   ___   ___   _____     ___     _     ___   ___   ___   ___  
 |_   _| | __| / __| |_   _|   | _ \   /_\   / __| / __| | __| |   \ 
   | |   | _|  \__ \   | |     |  _/  / _ \  \__ \ \__ \ | _|  | |) |
   |_|   |___| |___/   |_|     |_|   /_/ \_\ |___/ |___/ |___| |___/ 

Purchase a product
----------------------------------------------------------------------
]]></system-err>
</testsuite>
