<?xml version="1.0" encoding="UTF-8"?>
<testsuite name="Login completo" tests="1" skipped="0" failures="0" errors="0" timestamp="2023-04-05T14:45:08" hostname="DESKTOP-1MH7BUO" time="37.144">
  <properties/>
  <testcase name="Verificar el inicio de sesion" classname="Login completo" time="37.144"/>
  <system-out><![CDATA[]]></system-out>
  <system-err><![CDATA[[Test worker] INFO io.cucumber.core.plugin.SerenityReporter - Running feature from file:///C:/Users/Rasta/Desktop/Nube/AppiumScreenplayBrowserStackiOS/src/test/resources/features/logincompleto.feature
[Test worker] INFO  - 
  _____   ___   ___   _____     ___   _____     _     ___   _____   ___   ___  
 |_   _| | __| / __| |_   _|   / __| |_   _|   /_\   | _ \ |_   _| | __| |   \ 
   | |   | _|  \__ \   | |     \__ \   | |    / _ \  |   /   | |   | _|  | |) |
   |_|   |___| |___/   |_|     |___/   |_|   /_/ \_\ |_|_\   |_|   |___| |___/ 

Verificar el inicio de sesion(login-completo;verificar-el-inicio-de-sesion)
--------------------------------------------------------------------------------
[Test worker] INFO net.thucydides.core.model.TestOutcome - SetUserStory Login completo
[Test worker] INFO net.thucydides.core.model.TestOutcome - SetUserStory Login completo
abr. 05, 2023 9:45:25 A. M. io.appium.java_client.remote.AppiumCommandExecutor$1 lambda$0
INFORMACIÓN: Detected dialect: OSS
[Test worker] INFO  - 
  _____   ___   ___   _____     ___     _     ___   ___   ___   ___  
 |_   _| | __| / __| |_   _|   | _ \   /_\   / __| / __| | __| |   \ 
   | |   | _|  \__ \   | |     |  _/  / _ \  \__ \ \__ \ | _|  | |) |
   |_|   |___| |___/   |_|     |_|   /_/ \_\ |___/ |___/ |___| |___/ 

Verificar el inicio de sesion
----------------------------------------------------------------------
]]></system-err>
</testsuite>
