<?xml version="1.0" encoding="UTF-8"?>
<testsuite name="Logout saucelabs app" tests="1" skipped="0" failures="0" errors="0" timestamp="2023-04-05T04:48:09" hostname="DESKTOP-CTLAMR7" time="88.529">
  <properties/>
  <testcase name="Logout from the app" classname="Logout saucelabs app" time="88.529"/>
  <system-out><![CDATA[]]></system-out>
  <system-err><![CDATA[[Test worker] INFO io.cucumber.core.plugin.SerenityReporter - Running feature from file:///C:/Users/usuario/Desktop/Appium%20Ios/AppiumScreenplayBrowserStackiOS/src/test/resources/features/logout.feature
[Test worker] INFO  - 
  _____   ___   ___   _____     ___   _____     _     ___   _____   ___   ___  
 |_   _| | __| / __| |_   _|   / __| |_   _|   /_\   | _ \ |_   _| | __| |   \ 
   | |   | _|  \__ \   | |     \__ \   | |    / _ \  |   /   | |   | _|  | |) |
   |_|   |___| |___/   |_|     |___/   |_|   /_/ \_\ |_|_\   |_|   |___| |___/ 

Logout from the app(logout-saucelabs-app;logout-from-the-app)
--------------------------------------------------------------------------------
[Test worker] INFO net.thucydides.core.model.TestOutcome - SetUserStory Logout saucelabs app
[Test worker] INFO net.thucydides.core.model.TestOutcome - SetUserStory Logout saucelabs app
abr 04, 2023 11:48:34 PM io.appium.java_client.remote.AppiumCommandExecutor$1 lambda$0
INFORMACIÓN: Detected dialect: OSS
[Test worker] INFO  - 
  _____   ___   ___   _____     ___     _     ___   ___   ___   ___  
 |_   _| | __| / __| |_   _|   | _ \   /_\   / __| / __| | __| |   \ 
   | |   | _|  \__ \   | |     |  _/  / _ \  \__ \ \__ \ | _|  | |) |
   |_|   |___| |___/   |_|     |_|   /_/ \_\ |___/ |___/ |___| |___/ 

Logout from the app
----------------------------------------------------------------------
]]></system-err>
</testsuite>
