<?xml version="1.0" encoding="UTF-8"?>
<testsuite name="Logout from Saucelabs app" tests="1" skipped="0" failures="0" errors="0" timestamp="2023-04-04T23:34:18" hostname="DESKTOP-BTHGFUF" time="67.502">
  <properties/>
  <testcase name="Logout successfully from the app" classname="Logout from Saucelabs app" time="67.502"/>
  <system-out><![CDATA[2023-04-04 18:35:06 INFO  LoginStepsDefinitions:30 INICIA LA AUTOMATIZACION
2023-04-04 18:35:22 INFO  LoginStepsDefinitions:44 Realiza la peticion
]]></system-out>
  <system-err><![CDATA[[Test worker] INFO io.cucumber.core.plugin.SerenityReporter - Running feature from file:///C:/Users/jeiso/OneDrive/Escritorio/softka/semana%20Automatizacion/AppiumScreenplayBrowserStackiOS/src/test/resources/features/logout.feature
[Test worker] INFO  - 
  _____   ___   ___   _____     ___   _____     _     ___   _____   ___   ___  
 |_   _| | __| / __| |_   _|   / __| |_   _|   /_\   | _ \ |_   _| | __| |   \ 
   | |   | _|  \__ \   | |     \__ \   | |    / _ \  |   /   | |   | _|  | |) |
   |_|   |___| |___/   |_|     |___/   |_|   /_/ \_\ |_|_\   |_|   |___| |___/ 

Logout successfully from the app(logout-from-saucelabs-app;logout-successfully-from-the-app)
--------------------------------------------------------------------------------
[Test worker] INFO net.thucydides.core.model.TestOutcome - SetUserStory Logout from Saucelabs app
[Test worker] INFO net.thucydides.core.model.TestOutcome - SetUserStory Logout from Saucelabs app
abr 04, 2023 6:34:35 PM io.appium.java_client.remote.AppiumCommandExecutor$1 lambda$0
INFORMACIÓN: Detected dialect: OSS
[Test worker] INFO  - 
  _____   ___   ___   _____     ___     _     ___   ___   ___   ___  
 |_   _| | __| / __| |_   _|   | _ \   /_\   / __| / __| | __| |   \ 
   | |   | _|  \__ \   | |     |  _/  / _ \  \__ \ \__ \ | _|  | |) |
   |_|   |___| |___/   |_|     |_|   /_/ \_\ |___/ |___/ |___| |___/ 

Logout successfully from the app
----------------------------------------------------------------------
]]></system-err>
</testsuite>
