<?xml version="1.0" encoding="UTF-8"?>
<testsuite name="compra de productos" tests="1" skipped="0" failures="1" errors="0" timestamp="2023-04-05T08:24:55" hostname="LAPTOP-87LGHN0U" time="4.847">
  <properties/>
  <testcase name="Buying products" classname="compra de productos" time="4.847">
    <failure message="org.opentest4j.AssertionFailedError" type="org.opentest4j.AssertionFailedError">org.opentest4j.AssertionFailedError
	at org.junit.jupiter.api.AssertionUtils.fail(AssertionUtils.java:35)
	at org.junit.jupiter.api.Assertions.fail(Assertions.java:98)
	at com.sofkau.stepdefinitions.LoginStepDefinitions.userWantsToBuySomeClothes(LoginStepDefinitions.java:30)
	at ✽.user wants to buy some clothes(file:///C:/Users/ivan0/Downloads/AutomatizacionIOS/AppiumScreenplayBrowserStackiOS/src/test/resources/features/compra.feature:7)
</failure>
  </testcase>
  <system-out><![CDATA[2023-04-05 03:25:00 INFO  LoginStepDefinitions:28 Fallo la configuracion
2023-04-05 03:25:00 WARN  LoginStepDefinitions:29 
]]></system-out>
  <system-err><![CDATA[[Test worker] INFO io.cucumber.core.plugin.SerenityReporter - Running feature from file:///C:/Users/ivan0/Downloads/AutomatizacionIOS/AppiumScreenplayBrowserStackiOS/src/test/resources/features/compra.feature
[Test worker] INFO  - 
  _____   ___   ___   _____     ___   _____     _     ___   _____   ___   ___  
 |_   _| | __| / __| |_   _|   / __| |_   _|   /_\   | _ \ |_   _| | __| |   \ 
   | |   | _|  \__ \   | |     \__ \   | |    / _ \  |   /   | |   | _|  | |) |
   |_|   |___| |___/   |_|     |___/   |_|   /_/ \_\ |_|_\   |_|   |___| |___/ 

Buying products(compra-de-productos;buying-products)
--------------------------------------------------------------------------------
[Test worker] INFO net.thucydides.core.model.TestOutcome - SetUserStory compra de productos
[Test worker] INFO net.thucydides.core.model.TestOutcome - SetUserStory compra de productos
[Test worker] ERROR  - 
  _____   ___   ___   _____     ___     _     ___   _      ___   ___  
 |_   _| | __| / __| |_   _|   | __|   /_\   |_ _| | |    | __| |   \ 
   | |   | _|  \__ \   | |     | _|   / _ \   | |  | |__  | _|  | |) |
   |_|   |___| |___/   |_|     |_|   /_/ \_\ |___| |____| |___| |___/ 

Buying products
-----------------------------------------------------------------------
[Test worker] ERROR  -     Test failed at step: Given user wants to buy some clothes
[Test worker] ERROR  -     
]]></system-err>
</testsuite>
