<?xml version="1.0" encoding="UTF-8"?>
<testsuite name="Purchase a product" tests="1" skipped="0" failures="0" errors="0" timestamp="2023-04-05T04:33:34" hostname="DESKTOP-CTLAMR7" time="245.791">
  <properties/>
  <testcase name="Purchase a product" classname="Purchase a product" time="245.791"/>
  <system-out><![CDATA[]]></system-out>
  <system-err><![CDATA[[Test worker] INFO io.cucumber.core.plugin.SerenityReporter - Running feature from file:///C:/Users/usuario/Desktop/Appium%20Ios/AppiumScreenplayBrowserStackiOS/src/test/resources/features/compraproducto.feature
[Test worker] INFO  - 
  _____   ___   ___   _____     ___   _____     _     ___   _____   ___   ___  
 |_   _| | __| / __| |_   _|   / __| |_   _|   /_\   | _ \ |_   _| | __| |   \ 
   | |   | _|  \__ \   | |     \__ \   | |    / _ \  |   /   | |   | _|  | |) |
   |_|   |___| |___/   |_|     |___/   |_|   /_/ \_\ |_|_\   |_|   |___| |___/ 

Purchase a product(purchase-a-product;purchase-a-product)
--------------------------------------------------------------------------------
[Test worker] INFO net.thucydides.core.model.TestOutcome - SetUserStory Purchase a product
[Test worker] INFO net.thucydides.core.model.TestOutcome - SetUserStory Purchase a product
abr 04, 2023 11:34:01 PM io.appium.java_client.remote.AppiumCommandExecutor$1 lambda$0
INFORMACIÓN: Detected dialect: OSS
[Test worker] INFO  - 
  _____   ___   ___   _____     ___     _     ___   ___   ___   ___  
 |_   _| | __| / __| |_   _|   | _ \   /_\   / __| / __| | __| |   \ 
   | |   | _|  \__ \   | |     |  _/  / _ \  \__ \ \__ \ | _|  | |) |
   |_|   |___| |___/   |_|     |_|   /_/ \_\ |___/ |___/ |___| |___/ 

Purchase a product
----------------------------------------------------------------------
]]></system-err>
</testsuite>
