<?xml version="1.0" encoding="UTF-8"?>
<testsuite name="Login saucelabs app" tests="1" skipped="0" failures="0" errors="0" timestamp="2023-04-05T05:11:45" hostname="DESKTOP-1MH7BUO" time="37.07">
  <properties/>
  <testcase name="Login with valid credentials" classname="Login saucelabs app" time="37.07"/>
  <system-out><![CDATA[]]></system-out>
  <system-err><![CDATA[[Test worker] INFO io.cucumber.core.plugin.SerenityReporter - Running feature from file:///C:/Users/Rasta/Desktop/Nube/AppiumScreenplayBrowserStackiOS/src/test/resources/features/login_logout_compra.feature
[Test worker] INFO  - 
  _____   ___   ___   _____     ___   _____     _     ___   _____   ___   ___  
 |_   _| | __| / __| |_   _|   / __| |_   _|   /_\   | _ \ |_   _| | __| |   \ 
   | |   | _|  \__ \   | |     \__ \   | |    / _ \  |   /   | |   | _|  | |) |
   |_|   |___| |___/   |_|     |___/   |_|   /_/ \_\ |_|_\   |_|   |___| |___/ 

Login with valid credentials(login-saucelabs-app;login-with-valid-credentials)
--------------------------------------------------------------------------------
[Test worker] INFO net.thucydides.core.model.TestOutcome - SetUserStory Login saucelabs app
[Test worker] INFO net.thucydides.core.model.TestOutcome - SetUserStory Login saucelabs app
abr. 05, 2023 12:12:00 A. M. io.appium.java_client.remote.AppiumCommandExecutor$1 lambda$0
INFORMACIÓN: Detected dialect: OSS
[Test worker] INFO  - 
  _____   ___   ___   _____     ___     _     ___   ___   ___   ___  
 |_   _| | __| / __| |_   _|   | _ \   /_\   / __| / __| | __| |   \ 
   | |   | _|  \__ \   | |     |  _/  / _ \  \__ \ \__ \ | _|  | |) |
   |_|   |___| |___/   |_|     |_|   /_/ \_\ |___/ |___/ |___| |___/ 

Login with valid credentials
----------------------------------------------------------------------
]]></system-err>
</testsuite>
